# JRE version: OpenJDK Runtime Environment (11.0.10) (build 11.0.10+0-b96-7249189)
# Java VM: OpenJDK 64-Bit Server VM (11.0.10+0-b96-7249189, mixed mode, tiered, compressed oops, g1 gc, linux-amd64)
Heap:
 garbage-first heap   total 299008K, used 126301K [0x0000000080000000, 0x0000000100000000)
  region size 1024K, 14 young (14336K), 3 survivors (3072K)
 Metaspace       used 116386K, capacity 119659K, committed 120448K, reserved 1153024K
  class space    used 14599K, capacity 15794K, committed 16000K, reserved 1048576K
GC Heap History (20 events):
Event: 1237.230 GC heap before
{Heap before GC invocations=89 (full 0):
 garbage-first heap   total 186368K, used 141290K [0x0000000080000000, 0x0000000100000000)
  region size 1024K, 34 young (34816K), 4 survivors (4096K)
 Metaspace       used 114256K, capacity 117274K, committed 117632K, reserved 1150976K
  class space    used 14487K, capacity 15619K, committed 15744K, reserved 1048576K
}
Event: 1237.253 GC heap after
{Heap after GC invocations=90 (full 0):
 garbage-first heap   total 186368K, used 112717K [0x0000000080000000, 0x0000000100000000)
  region size 1024K, 2 young (2048K), 2 survivors (2048K)
 Metaspace       used 114256K, capacity 117274K, committed 117632K, reserved 1150976K
  class space    used 14487K, capacity 15619K, committed 15744K, reserved 1048576K
}
Event: 1237.303 GC heap before
{Heap before GC invocations=90 (full 0):
 garbage-first heap   total 186368K, used 120909K [0x0000000080000000, 0x0000000100000000)
  region size 1024K, 9 young (9216K), 2 survivors (2048K)
 Metaspace       used 114323K, capacity 117340K, committed 117632K, reserved 1150976K
  class space    used 14488K, capacity 15619K, committed 15744K, reserved 1048576K
}
Event: 1237.323 GC heap after
{Heap after GC invocations=91 (full 0):
 garbage-first heap   total 299008K, used 101668K [0x0000000080000000, 0x0000000100000000)
  region size 1024K, 1 young (1024K), 1 survivors (1024K)
 Metaspace       used 114323K, capacity 117340K, committed 117632K, reserved 1150976K
  class space    used 14488K, capacity 15619K, committed 15744K, reserved 1048576K
}
Event: 1237.397 GC heap before
{Heap before GC invocations=91 (full 0):
 garbage-first heap   total 299008K, used 105764K [0x0000000080000000, 0x0000000100000000)
  region size 1024K, 7 young (7168K), 1 survivors (1024K)
 Metaspace       used 114375K, capacity 117340K, committed 117632K, reserved 1150976K
  class space    used 14488K, capacity 15619K, committed 15744K, reserved 1048576K
}
Event: 1237.423 GC heap after
{Heap after GC invocations=92 (full 0):
 garbage-first heap   total 299008K, used 102132K [0x0000000080000000, 0x0000000100000000)
  region size 1024K, 3 young (3072K), 3 survivors (3072K)
 Metaspace       used 114375K, capacity 117340K, committed 117632K, reserved 1150976K
  class space    used 14488K, capacity 15619K, committed 15744K, reserved 1048576K
}
Event: 1237.808 GC heap before
{Heap before GC invocations=93 (full 0):
 garbage-first heap   total 299008K, used 127732K [0x0000000080000000, 0x0000000100000000)
  region size 1024K, 28 young (28672K), 3 survivors (3072K)
 Metaspace       used 114736K, capacity 117859K, committed 118144K, reserved 1150976K
  class space    used 14493K, capacity 15625K, committed 15744K, reserved 1048576K
}
Event: 1237.832 GC heap after
{Heap after GC invocations=94 (full 0):
 garbage-first heap   total 299008K, used 106459K [0x0000000080000000, 0x0000000100000000)
  region size 1024K, 7 young (7168K), 7 survivors (7168K)
 Metaspace       used 114736K, capacity 117859K, committed 118144K, reserved 1150976K
  class space    used 14493K, capacity 15625K, committed 15744K, reserved 1048576K
}
Event: 1836.009 GC heap before
{Heap before GC invocations=95 (full 0):
 garbage-first heap   total 299008K, used 196571K [0x0000000080000000, 0x0000000100000000)
  region size 1024K, 82 young (83968K), 7 survivors (7168K)
 Metaspace       used 115163K, capacity 118241K, committed 118400K, reserved 1153024K
  class space    used 14508K, capacity 15631K, committed 15744K, reserved 1048576K
}
Event: 1836.021 GC heap after
{Heap after GC invocations=96 (full 0):
 garbage-first heap   total 299008K, used 107237K [0x0000000080000000, 0x0000000100000000)
  region size 1024K, 5 young (5120K), 5 survivors (5120K)
 Metaspace       used 115163K, capacity 118241K, committed 118400K, reserved 1153024K
  class space    used 14508K, capacity 15631K, committed 15744K, reserved 1048576K
}
Event: 1836.187 GC heap before
{Heap before GC invocations=96 (full 0):
 garbage-first heap   total 299008K, used 117477K [0x0000000080000000, 0x0000000100000000)
  region size 1024K, 14 young (14336K), 5 survivors (5120K)
 Metaspace       used 115197K, capacity 118369K, committed 118656K, reserved 1153024K
  class space    used 14508K, capacity 15631K, committed 15744K, reserved 1048576K
}
Event: 1836.196 GC heap after
{Heap after GC invocations=97 (full 0):
 garbage-first heap   total 299008K, used 111276K [0x0000000080000000, 0x0000000100000000)
  region size 1024K, 2 young (2048K), 2 survivors (2048K)
 Metaspace       used 115197K, capacity 118369K, committed 118656K, reserved 1153024K
  class space    used 14508K, capacity 15631K, committed 15744K, reserved 1048576K
}
Event: 1837.097 GC heap before
{Heap before GC invocations=97 (full 0):
 garbage-first heap   total 299008K, used 170668K [0x0000000080000000, 0x0000000100000000)
  region size 1024K, 62 young (63488K), 2 survivors (2048K)
 Metaspace       used 115604K, capacity 118724K, committed 118912K, reserved 1153024K
  class space    used 14510K, capacity 15634K, committed 15744K, reserved 1048576K
}
Event: 1837.133 GC heap after
{Heap after GC invocations=98 (full 0):
 garbage-first heap   total 299008K, used 117051K [0x0000000080000000, 0x0000000100000000)
  region size 1024K, 8 young (8192K), 8 survivors (8192K)
 Metaspace       used 115604K, capacity 118724K, committed 118912K, reserved 1153024K
  class space    used 14510K, capacity 15634K, committed 15744K, reserved 1048576K
}
Event: 3797.152 GC heap before
{Heap before GC invocations=99 (full 0):
 garbage-first heap   total 299008K, used 196923K [0x0000000080000000, 0x0000000100000000)
  region size 1024K, 87 young (89088K), 8 survivors (8192K)
 Metaspace       used 116224K, capacity 119630K, committed 119808K, reserved 1153024K
  class space    used 14604K, capacity 15808K, committed 15872K, reserved 1048576K
}
Event: 3797.169 GC heap after
{Heap after GC invocations=100 (full 0):
 garbage-first heap   total 299008K, used 112638K [0x0000000080000000, 0x0000000100000000)
  region size 1024K, 5 young (5120K), 5 survivors (5120K)
 Metaspace       used 116224K, capacity 119630K, committed 119808K, reserved 1153024K
  class space    used 14604K, capacity 15808K, committed 15872K, reserved 1048576K
}
Event: 3797.312 GC heap before
{Heap before GC invocations=100 (full 0):
 garbage-first heap   total 299008K, used 122878K [0x0000000080000000, 0x0000000100000000)
  region size 1024K, 14 young (14336K), 5 survivors (5120K)
 Metaspace       used 116322K, capacity 119765K, committed 119808K, reserved 1153024K
  class space    used 14627K, capacity 15851K, committed 15872K, reserved 1048576K
}
Event: 3797.319 GC heap after
{Heap after GC invocations=101 (full 0):
 garbage-first heap   total 299008K, used 107302K [0x0000000080000000, 0x0000000100000000)
  region size 1024K, 2 young (2048K), 2 survivors (2048K)
 Metaspace       used 116322K, capacity 119765K, committed 119808K, reserved 1153024K
  class space    used 14627K, capacity 15851K, committed 15872K, reserved 1048576K
}
Event: 3797.934 GC heap before
{Heap before GC invocations=101 (full 0):
 garbage-first heap   total 299008K, used 169766K [0x0000000080000000, 0x0000000100000000)
  region size 1024K, 65 young (66560K), 2 survivors (2048K)
 Metaspace       used 116705K, capacity 120163K, committed 120448K, reserved 1153024K
  class space    used 14685K, capacity 15959K, committed 16000K, reserved 1048576K
}
Event: 3797.947 GC heap after
{Heap after GC invocations=102 (full 0):
 garbage-first heap   total 299008K, used 107869K [0x0000000080000000, 0x0000000100000000)
  region size 1024K, 3 young (3072K), 3 survivors (3072K)
 Metaspace       used 116705K, capacity 120163K, committed 120448K, reserved 1153024K
  class space    used 14685K, capacity 15959K, committed 16000K, reserved 1048576K
}

